<?xml version="1.0" encoding="UTF-8"?>
<!-- Generated by org.testng.reporters.JUnitXMLReporter -->
<testsuite ignored="0" hostname="BISWAJIT2000" failures="0" tests="5" name="Default test" time="397.278" errors="0" timestamp="2023-06-11T01:01:49 IST">
  <testcase classname="orangeHRM.test.LoginPageTest" name="@BeforeMethod setUp" time="397.136">
    <failure type="org.openqa.selenium.remote.http.ConnectionFailedException" message="Unable to establish websocket connection to http://localhost:56065/devtools/browser/613bbb5f-50ff-4546-ae22-d1f3415d1962
Build info: version: &amp;apos;4.6.0&amp;apos;, revision: &amp;apos;79f1c02ae20&amp;apos;
System info: os.name: &amp;apos;Windows 11&amp;apos;, os.arch: &amp;apos;amd64&amp;apos;, os.version: &amp;apos;10.0&amp;apos;, java.version: &amp;apos;17.0.3.1&amp;apos;
Driver info: driver.version: ChromeDriver">
      <![CDATA[org.openqa.selenium.remote.http.ConnectionFailedException: Unable to establish websocket connection to http://localhost:56065/devtools/browser/613bbb5f-50ff-4546-ae22-d1f3415d1962
Build info: version: '4.6.0', revision: '79f1c02ae20'
System info: os.name: 'Windows 11', os.arch: 'amd64', os.version: '10.0', java.version: '17.0.3.1'
Driver info: driver.version: ChromeDriver
at org.openqa.selenium.remote.http.netty.NettyWebSocket.<init>(NettyWebSocket.java:102)
at org.openqa.selenium.remote.http.netty.NettyWebSocket.lambda$create$3(NettyWebSocket.java:128)
at org.openqa.selenium.remote.http.netty.NettyClient.openSocket(NettyClient.java:107)
at org.openqa.selenium.devtools.Connection.<init>(Connection.java:77)
at org.openqa.selenium.chromium.ChromiumDriver.lambda$new$2(ChromiumDriver.java:116)
at java.base/java.util.Optional.map(Optional.java:260)
at org.openqa.selenium.chromium.ChromiumDriver.<init>(ChromiumDriver.java:114)
at org.openqa.selenium.chrome.ChromeDriver.<init>(ChromeDriver.java:81)
at org.openqa.selenium.chrome.ChromeDriver.<init>(ChromeDriver.java:49)
at orangeHRM.test.BaseTest.inti(BaseTest.java:50)
at orangeHRM.test.LoginPageTest.setUp(LoginPageTest.java:23)
at java.base/jdk.internal.reflect.NativeMethodAccessorImpl.invoke0(Native Method)
at java.base/jdk.internal.reflect.NativeMethodAccessorImpl.invoke(NativeMethodAccessorImpl.java:77)
at java.base/jdk.internal.reflect.DelegatingMethodAccessorImpl.invoke(DelegatingMethodAccessorImpl.java:43)
at java.base/java.lang.reflect.Method.invoke(Method.java:568)
at org.testng.internal.MethodInvocationHelper.invokeMethod(MethodInvocationHelper.java:133)
at org.testng.internal.MethodInvocationHelper.invokeMethodConsideringTimeout(MethodInvocationHelper.java:62)
at org.testng.internal.ConfigInvoker.invokeConfigurationMethod(ConfigInvoker.java:385)
at org.testng.internal.ConfigInvoker.invokeConfigurations(ConfigInvoker.java:321)
at org.testng.internal.TestInvoker.runConfigMethods(TestInvoker.java:700)
at org.testng.internal.TestInvoker.invokeMethod(TestInvoker.java:527)
at org.testng.internal.TestInvoker.invokeTestMethod(TestInvoker.java:173)
at org.testng.internal.MethodRunner.runInSequence(MethodRunner.java:46)
at org.testng.internal.TestInvoker$MethodInvocationAgent.invoke(TestInvoker.java:824)
at org.testng.internal.TestInvoker.invokeTestMethods(TestInvoker.java:146)
at org.testng.internal.TestMethodWorker.invokeTestMethods(TestMethodWorker.java:146)
at org.testng.internal.TestMethodWorker.run(TestMethodWorker.java:128)
at java.base/java.util.ArrayList.forEach(ArrayList.java:1511)
at org.testng.TestRunner.privateRun(TestRunner.java:794)
at org.testng.TestRunner.run(TestRunner.java:596)
at org.testng.SuiteRunner.runTest(SuiteRunner.java:377)
at org.testng.SuiteRunner.runSequentially(SuiteRunner.java:371)
at org.testng.SuiteRunner.privateRun(SuiteRunner.java:332)
at org.testng.SuiteRunner.run(SuiteRunner.java:276)
at org.testng.SuiteRunnerWorker.runSuite(SuiteRunnerWorker.java:53)
at org.testng.SuiteRunnerWorker.run(SuiteRunnerWorker.java:96)
at org.testng.TestNG.runSuitesSequentially(TestNG.java:1212)
at org.testng.TestNG.runSuitesLocally(TestNG.java:1134)
at org.testng.TestNG.runSuites(TestNG.java:1063)
at org.testng.TestNG.run(TestNG.java:1031)
at org.testng.remote.AbstractRemoteTestNG.run(AbstractRemoteTestNG.java:115)
at org.testng.remote.RemoteTestNG.initAndRun(RemoteTestNG.java:251)
at org.testng.remote.RemoteTestNG.main(RemoteTestNG.java:77)
]]>
    </failure>
  </testcase> <!-- @BeforeMethod setUp -->
  <testcase classname="orangeHRM.test.LoginPageTest" name="@AfterMethod tearUp" time="-1.686425508977E9">
    <skipped/>
  </testcase> <!-- @AfterMethod tearUp -->
  <testcase classname="orangeHRM.test.LoginPageTest" name="@BeforeMethod setUp" time="-1.686425508989E9">
    <skipped/>
  </testcase> <!-- @BeforeMethod setUp -->
  <testcase classname="orangeHRM.test.LoginPageTest" name="@AfterMethod tearUp" time="-1.686425508998E9">
    <skipped/>
  </testcase> <!-- @AfterMethod tearUp -->
  <testcase classname="orangeHRM.test.LoginPageTest" name="@BeforeMethod setUp" time="-1.686425509001E9">
    <skipped/>
  </testcase> <!-- @BeforeMethod setUp -->
  <testcase classname="orangeHRM.test.LoginPageTest" name="@AfterMethod tearUp" time="-1.686425509009E9">
    <skipped/>
  </testcase> <!-- @AfterMethod tearUp -->
  <testcase classname="orangeHRM.test.LoginPageTest" name="@BeforeMethod setUp" time="-1.686425509013E9">
    <skipped/>
  </testcase> <!-- @BeforeMethod setUp -->
  <testcase classname="orangeHRM.test.LoginPageTest" name="@AfterMethod tearUp" time="-1.686425509022E9">
    <skipped/>
  </testcase> <!-- @AfterMethod tearUp -->
  <testcase classname="orangeHRM.test.LoginPageTest" name="@BeforeMethod setUp" time="-1.686425509025E9">
    <skipped/>
  </testcase> <!-- @BeforeMethod setUp -->
  <testcase classname="orangeHRM.test.LoginPageTest" name="@AfterMethod tearUp" time="-1.686425509031E9">
    <skipped/>
  </testcase> <!-- @AfterMethod tearUp -->
  <testcase classname="orangeHRM.test.LoginPageTest" name="loginTest" time="0.0">
    <skipped/>
  </testcase> <!-- loginTest -->
  <testcase classname="orangeHRM.test.LoginPageTest" name="verifyInvalidLogInCredential" time="0.0">
    <skipped/>
  </testcase> <!-- verifyInvalidLogInCredential -->
  <testcase classname="orangeHRM.test.LoginPageTest" name="verifyInvalidLogInCredential" time="0.0">
    <skipped/>
  </testcase> <!-- verifyInvalidLogInCredential -->
  <testcase classname="orangeHRM.test.LoginPageTest" name="verifyInvalidLogInCredential" time="0.0">
    <skipped/>
  </testcase> <!-- verifyInvalidLogInCredential -->
  <testcase classname="orangeHRM.test.LoginPageTest" name="verifyLoginPageTitle" time="0.0">
    <skipped/>
  </testcase> <!-- verifyLoginPageTitle -->
</testsuite> <!-- Default test -->
