<?xml version="1.0" encoding="UTF-8"?>
<!-- Generated by org.testng.reporters.JUnitXMLReporter -->
<testsuite ignored="0" hostname="DESKTOP-NNSI20N" failures="0" tests="5" name="Testmar" time="47.723" errors="0" timestamp="2023-02-18T14:10:16 IST">
  <testcase classname="orangeHRM.test.LoginPageTest" name="@BeforeMethod setUp" time="47.444">
    <failure type="org.openqa.selenium.WebDriverException" message="unknown error: net::ERR_CONNECTION_TIMED_OUT
  (Session info: chrome=109.0.5414.121)
Build info: version: &amp;apos;4.6.0&amp;apos;, revision: &amp;apos;79f1c02ae20&amp;apos;
System info: os.name: &amp;apos;Windows 10&amp;apos;, os.arch: &amp;apos;amd64&amp;apos;, os.version: &amp;apos;10.0&amp;apos;, java.version: &amp;apos;17.0.2&amp;apos;
Driver info: org.openqa.selenium.chrome.ChromeDriver
Command: [20f48807a84c8a748fd7d412a37d103d, get {url=https://opensource-demo.orangehrmlive.com}]
Capabilities {acceptInsecureCerts: false, browserName: chrome, browserVersion: 109.0.5414.121, chrome: {chromedriverVersion: 109.0.5414.74 (e7c5703604da..., userDataDir: C:\Users\Shirsath\AppData\L...}, goog:chromeOptions: {debuggerAddress: localhost:60638}, networkConnectionEnabled: false, pageLoadStrategy: normal, platformName: WINDOWS, proxy: Proxy(), se:cdp: ws://localhost:60638/devtoo..., se:cdpVersion: 109.0.5414.121, setWindowRect: true, strictFileInteractability: false, timeouts: {implicit: 0, pageLoad: 300000, script: 30000}, unhandledPromptBehavior: dismiss and notify, webauthn:extension:credBlob: true, webauthn:extension:largeBlob: true, webauthn:virtualAuthenticators: true}
Session ID: 20f48807a84c8a748fd7d412a37d103d">
      <![CDATA[org.openqa.selenium.WebDriverException: unknown error: net::ERR_CONNECTION_TIMED_OUT
  (Session info: chrome=109.0.5414.121)
Build info: version: '4.6.0', revision: '79f1c02ae20'
System info: os.name: 'Windows 10', os.arch: 'amd64', os.version: '10.0', java.version: '17.0.2'
Driver info: org.openqa.selenium.chrome.ChromeDriver
Command: [20f48807a84c8a748fd7d412a37d103d, get {url=https://opensource-demo.orangehrmlive.com}]
Capabilities {acceptInsecureCerts: false, browserName: chrome, browserVersion: 109.0.5414.121, chrome: {chromedriverVersion: 109.0.5414.74 (e7c5703604da..., userDataDir: C:\Users\Shirsath\AppData\L...}, goog:chromeOptions: {debuggerAddress: localhost:60638}, networkConnectionEnabled: false, pageLoadStrategy: normal, platformName: WINDOWS, proxy: Proxy(), se:cdp: ws://localhost:60638/devtoo..., se:cdpVersion: 109.0.5414.121, setWindowRect: true, strictFileInteractability: false, timeouts: {implicit: 0, pageLoad: 300000, script: 30000}, unhandledPromptBehavior: dismiss and notify, webauthn:extension:credBlob: true, webauthn:extension:largeBlob: true, webauthn:virtualAuthenticators: true}
Session ID: 20f48807a84c8a748fd7d412a37d103d
at org.openqa.selenium.remote.codec.w3c.W3CHttpResponseCodec.createException(W3CHttpResponseCodec.java:200)
at org.openqa.selenium.remote.codec.w3c.W3CHttpResponseCodec.decode(W3CHttpResponseCodec.java:133)
at org.openqa.selenium.remote.codec.w3c.W3CHttpResponseCodec.decode(W3CHttpResponseCodec.java:53)
at org.openqa.selenium.remote.HttpCommandExecutor.execute(HttpCommandExecutor.java:184)
at org.openqa.selenium.remote.service.DriverCommandExecutor.invokeExecute(DriverCommandExecutor.java:167)
at org.openqa.selenium.remote.service.DriverCommandExecutor.execute(DriverCommandExecutor.java:142)
at org.openqa.selenium.remote.RemoteWebDriver.execute(RemoteWebDriver.java:541)
at org.openqa.selenium.remote.RemoteWebDriver.get(RemoteWebDriver.java:310)
at orangeHRM.test.BaseTest.inti(BaseTest.java:66)
at orangeHRM.test.LoginPageTest.setUp(LoginPageTest.java:22)
at java.base/java.util.ArrayList.forEach(ArrayList.java:1511)
... Removed 36 stack frames]]>
    </failure>
  </testcase> <!-- @BeforeMethod setUp -->
  <testcase classname="orangeHRM.test.LoginPageTest" name="@AfterMethod tearUp" time="-1.676709616474E9">
    <skipped/>
  </testcase> <!-- @AfterMethod tearUp -->
  <testcase classname="orangeHRM.test.LoginPageTest" name="@BeforeMethod setUp" time="-1.67670961649E9">
    <skipped/>
  </testcase> <!-- @BeforeMethod setUp -->
  <testcase classname="orangeHRM.test.LoginPageTest" name="@AfterMethod tearUp" time="-1.676709616509E9">
    <skipped/>
  </testcase> <!-- @AfterMethod tearUp -->
  <testcase classname="orangeHRM.test.LoginPageTest" name="@BeforeMethod setUp" time="-1.676709616523E9">
    <skipped/>
  </testcase> <!-- @BeforeMethod setUp -->
  <testcase classname="orangeHRM.test.LoginPageTest" name="@AfterMethod tearUp" time="-1.676709616573E9">
    <skipped/>
  </testcase> <!-- @AfterMethod tearUp -->
  <testcase classname="orangeHRM.test.LoginPageTest" name="@BeforeMethod setUp" time="-1.676709616587E9">
    <skipped/>
  </testcase> <!-- @BeforeMethod setUp -->
  <testcase classname="orangeHRM.test.LoginPageTest" name="@AfterMethod tearUp" time="-1.676709616595E9">
    <skipped/>
  </testcase> <!-- @AfterMethod tearUp -->
  <testcase classname="orangeHRM.test.LoginPageTest" name="@BeforeMethod setUp" time="-1.676709616599E9">
    <skipped/>
  </testcase> <!-- @BeforeMethod setUp -->
  <testcase classname="orangeHRM.test.LoginPageTest" name="@AfterMethod tearUp" time="-1.676709616623E9">
    <skipped/>
  </testcase> <!-- @AfterMethod tearUp -->
  <testcase classname="orangeHRM.test.LoginPageTest" name="loginTest" time="0.0">
    <skipped/>
  </testcase> <!-- loginTest -->
  <testcase classname="orangeHRM.test.LoginPageTest" name="verifyInvalidLogInCredential" time="0.0">
    <skipped/>
  </testcase> <!-- verifyInvalidLogInCredential -->
  <testcase classname="orangeHRM.test.LoginPageTest" name="verifyInvalidLogInCredential" time="0.0">
    <skipped/>
  </testcase> <!-- verifyInvalidLogInCredential -->
  <testcase classname="orangeHRM.test.LoginPageTest" name="verifyInvalidLogInCredential" time="0.0">
    <skipped/>
  </testcase> <!-- verifyInvalidLogInCredential -->
  <testcase classname="orangeHRM.test.LoginPageTest" name="verifyLoginPageTitle" time="0.0">
    <skipped/>
  </testcase> <!-- verifyLoginPageTitle -->
</testsuite> <!-- Testmar -->
